mode: set
github.com/anoobz/dualread/auth/internal/model/authtoken.go:17.53,30.16 11 1
github.com/anoobz/dualread/auth/internal/model/authtoken.go:34.2,40.16 2 1
github.com/anoobz/dualread/auth/internal/model/authtoken.go:30.16,32.3 1 0
github.com/anoobz/dualread/auth/internal/model/authtoken.go:43.54,56.16 10 1
github.com/anoobz/dualread/auth/internal/model/authtoken.go:60.2,66.16 2 1
github.com/anoobz/dualread/auth/internal/model/authtoken.go:56.16,58.3 1 0
github.com/anoobz/dualread/auth/internal/model/user.go:23.87,36.37 2 1
github.com/anoobz/dualread/auth/internal/model/user.go:40.2,40.15 1 1
github.com/anoobz/dualread/auth/internal/model/user.go:36.37,38.3 1 1
github.com/anoobz/dualread/auth/internal/model/user.go:43.33,44.45 1 1
github.com/anoobz/dualread/auth/internal/model/user.go:47.2,47.39 1 1
github.com/anoobz/dualread/auth/internal/model/user.go:51.2,51.12 1 1
github.com/anoobz/dualread/auth/internal/model/user.go:44.45,46.3 1 1
github.com/anoobz/dualread/auth/internal/model/user.go:47.39,49.3 1 1
github.com/anoobz/dualread/auth/internal/model/user.go:54.41,55.22 1 1
github.com/anoobz/dualread/auth/internal/model/user.go:58.2,58.12 1 1
github.com/anoobz/dualread/auth/internal/model/user.go:55.22,57.3 1 1
github.com/anoobz/dualread/auth/internal/model/user.go:61.35,63.16 2 1
github.com/anoobz/dualread/auth/internal/model/user.go:66.2,66.12 1 1
github.com/anoobz/dualread/auth/internal/model/user.go:63.16,65.3 1 1
github.com/anoobz/dualread/auth/internal/store/mockstore/authtoken.go:17.9,25.2 3 1
github.com/anoobz/dualread/auth/internal/store/mockstore/authtoken.go:27.66,29.2 1 1
github.com/anoobz/dualread/auth/internal/store/mockstore/authtoken.go:31.74,32.33 1 1
github.com/anoobz/dualread/auth/internal/store/mockstore/authtoken.go:38.2,38.54 1 0
github.com/anoobz/dualread/auth/internal/store/mockstore/authtoken.go:32.33,33.19 1 1
github.com/anoobz/dualread/auth/internal/store/mockstore/authtoken.go:33.19,35.4 1 1
github.com/anoobz/dualread/auth/internal/store/mockstore/authtoken.go:41.53,42.33 1 1
github.com/anoobz/dualread/auth/internal/store/mockstore/authtoken.go:49.2,49.23 1 0
github.com/anoobz/dualread/auth/internal/store/mockstore/authtoken.go:42.33,43.19 1 1
github.com/anoobz/dualread/auth/internal/store/mockstore/authtoken.go:43.19,46.4 2 1
github.com/anoobz/dualread/auth/internal/store/mockstore/store.go:10.32,15.2 1 1
github.com/anoobz/dualread/auth/internal/store/mockstore/store.go:17.43,19.2 1 1
github.com/anoobz/dualread/auth/internal/store/mockstore/store.go:21.53,23.2 1 1
github.com/anoobz/dualread/auth/internal/store/mockstore/testing.go:7.47,11.2 2 1
github.com/anoobz/dualread/auth/internal/store/mockstore/user.go:15.63,16.28 1 1
github.com/anoobz/dualread/auth/internal/store/mockstore/user.go:22.2,22.54 1 1
github.com/anoobz/dualread/auth/internal/store/mockstore/user.go:16.28,17.17 1 1
github.com/anoobz/dualread/auth/internal/store/mockstore/user.go:17.17,19.4 1 1
github.com/anoobz/dualread/auth/internal/store/mockstore/user.go:25.70,26.17 1 1
github.com/anoobz/dualread/auth/internal/store/mockstore/user.go:30.2,31.16 2 1
github.com/anoobz/dualread/auth/internal/store/mockstore/user.go:35.2,35.28 1 1
github.com/anoobz/dualread/auth/internal/store/mockstore/user.go:41.2,41.54 1 0
github.com/anoobz/dualread/auth/internal/store/mockstore/user.go:26.17,28.3 1 1
github.com/anoobz/dualread/auth/internal/store/mockstore/user.go:31.16,33.3 1 1
github.com/anoobz/dualread/auth/internal/store/mockstore/user.go:35.28,36.23 1 1
github.com/anoobz/dualread/auth/internal/store/mockstore/user.go:36.23,38.4 1 1
github.com/anoobz/dualread/auth/internal/store/mockstore/user.go:44.56,46.2 1 1
github.com/anoobz/dualread/auth/internal/store/mockstore/user.go:53.24,55.16 2 1
github.com/anoobz/dualread/auth/internal/store/mockstore/user.go:59.2,62.15 3 1
github.com/anoobz/dualread/auth/internal/store/mockstore/user.go:55.16,57.3 1 1
github.com/anoobz/dualread/auth/internal/store/mockstore/user.go:65.79,66.28 1 1
github.com/anoobz/dualread/auth/internal/store/mockstore/user.go:96.2,96.37 1 1
github.com/anoobz/dualread/auth/internal/store/mockstore/user.go:66.28,67.17 1 1
github.com/anoobz/dualread/auth/internal/store/mockstore/user.go:67.17,69.36 2 1
github.com/anoobz/dualread/auth/internal/store/mockstore/user.go:92.4,92.14 1 1
github.com/anoobz/dualread/auth/internal/store/mockstore/user.go:69.36,70.16 1 1
github.com/anoobz/dualread/auth/internal/store/mockstore/user.go:71.18,73.20 2 1
github.com/anoobz/dualread/auth/internal/store/mockstore/user.go:76.6,76.40 1 1
github.com/anoobz/dualread/auth/internal/store/mockstore/user.go:77.21,78.21 1 1
github.com/anoobz/dualread/auth/internal/store/mockstore/user.go:81.6,81.43 1 1
github.com/anoobz/dualread/auth/internal/store/mockstore/user.go:82.19,83.39 1 1
github.com/anoobz/dualread/auth/internal/store/mockstore/user.go:84.27,85.46 1 1
github.com/anoobz/dualread/auth/internal/store/mockstore/user.go:86.29,87.48 1 1
github.com/anoobz/dualread/auth/internal/store/mockstore/user.go:88.18,89.38 1 1
github.com/anoobz/dualread/auth/internal/store/mockstore/user.go:73.20,75.7 1 1
github.com/anoobz/dualread/auth/internal/store/mockstore/user.go:78.21,80.7 1 1
github.com/anoobz/dualread/auth/internal/store/mockstore/user.go:99.47,100.28 1 1
github.com/anoobz/dualread/auth/internal/store/mockstore/user.go:107.2,107.23 1 0
github.com/anoobz/dualread/auth/internal/store/mockstore/user.go:100.28,101.17 1 1
github.com/anoobz/dualread/auth/internal/store/mockstore/user.go:101.17,104.4 2 1
github.com/anoobz/dualread/auth/internal/httpserver/adminroutes.go:12.45,13.54 1 1
github.com/anoobz/dualread/auth/internal/httpserver/adminroutes.go:13.54,14.29 1 1
github.com/anoobz/dualread/auth/internal/httpserver/adminroutes.go:18.3,19.17 2 1
github.com/anoobz/dualread/auth/internal/httpserver/adminroutes.go:23.3,24.17 2 1
github.com/anoobz/dualread/auth/internal/httpserver/adminroutes.go:29.3,29.36 1 1
github.com/anoobz/dualread/auth/internal/httpserver/adminroutes.go:14.29,17.4 2 1
github.com/anoobz/dualread/auth/internal/httpserver/adminroutes.go:19.17,22.4 2 0
github.com/anoobz/dualread/auth/internal/httpserver/adminroutes.go:24.17,27.4 2 1
github.com/anoobz/dualread/auth/internal/httpserver/adminroutes.go:33.49,34.54 1 1
github.com/anoobz/dualread/auth/internal/httpserver/adminroutes.go:34.54,37.3 1 0
github.com/anoobz/dualread/auth/internal/httpserver/adminroutes.go:40.49,41.54 1 1
github.com/anoobz/dualread/auth/internal/httpserver/adminroutes.go:41.54,44.3 1 0
github.com/anoobz/dualread/auth/internal/httpserver/adminroutes.go:47.48,48.54 1 1
github.com/anoobz/dualread/auth/internal/httpserver/adminroutes.go:48.54,51.3 1 0
github.com/anoobz/dualread/auth/internal/httpserver/adminroutes.go:54.48,55.54 1 1
github.com/anoobz/dualread/auth/internal/httpserver/adminroutes.go:55.54,58.3 1 0
github.com/anoobz/dualread/auth/internal/httpserver/adminroutes.go:61.48,62.54 1 1
github.com/anoobz/dualread/auth/internal/httpserver/adminroutes.go:62.54,65.3 1 0
github.com/anoobz/dualread/auth/internal/httpserver/adminroutes.go:68.77,71.2 2 1
github.com/anoobz/dualread/auth/internal/httpserver/baseroutes.go:17.46,22.54 2 1
github.com/anoobz/dualread/auth/internal/httpserver/baseroutes.go:22.54,24.62 2 1
github.com/anoobz/dualread/auth/internal/httpserver/baseroutes.go:29.3,29.25 1 1
github.com/anoobz/dualread/auth/internal/httpserver/baseroutes.go:39.3,40.17 2 1
github.com/anoobz/dualread/auth/internal/httpserver/baseroutes.go:44.3,48.17 2 1
github.com/anoobz/dualread/auth/internal/httpserver/baseroutes.go:52.3,57.17 2 1
github.com/anoobz/dualread/auth/internal/httpserver/baseroutes.go:62.3,62.44 1 1
github.com/anoobz/dualread/auth/internal/httpserver/baseroutes.go:24.62,27.4 2 0
github.com/anoobz/dualread/auth/internal/httpserver/baseroutes.go:29.25,37.4 2 1
github.com/anoobz/dualread/auth/internal/httpserver/baseroutes.go:40.17,43.4 2 0
github.com/anoobz/dualread/auth/internal/httpserver/baseroutes.go:48.17,51.4 2 0
github.com/anoobz/dualread/auth/internal/httpserver/baseroutes.go:57.17,60.4 2 1
github.com/anoobz/dualread/auth/internal/httpserver/baseroutes.go:66.43,71.54 2 1
github.com/anoobz/dualread/auth/internal/httpserver/baseroutes.go:71.54,73.66 2 1
github.com/anoobz/dualread/auth/internal/httpserver/baseroutes.go:78.3,79.17 2 1
github.com/anoobz/dualread/auth/internal/httpserver/baseroutes.go:84.3,86.17 1 1
github.com/anoobz/dualread/auth/internal/httpserver/baseroutes.go:91.3,92.17 2 1
github.com/anoobz/dualread/auth/internal/httpserver/baseroutes.go:97.3,98.17 2 1
github.com/anoobz/dualread/auth/internal/httpserver/baseroutes.go:103.3,104.17 2 1
github.com/anoobz/dualread/auth/internal/httpserver/baseroutes.go:109.3,116.37 2 1
github.com/anoobz/dualread/auth/internal/httpserver/baseroutes.go:73.66,76.4 2 0
github.com/anoobz/dualread/auth/internal/httpserver/baseroutes.go:79.17,82.4 2 1
github.com/anoobz/dualread/auth/internal/httpserver/baseroutes.go:86.17,89.4 2 1
github.com/anoobz/dualread/auth/internal/httpserver/baseroutes.go:92.17,95.4 2 0
github.com/anoobz/dualread/auth/internal/httpserver/baseroutes.go:98.17,101.4 2 0
github.com/anoobz/dualread/auth/internal/httpserver/baseroutes.go:104.17,107.4 2 0
github.com/anoobz/dualread/auth/internal/httpserver/baseroutes.go:120.56,121.54 1 1
github.com/anoobz/dualread/auth/internal/httpserver/baseroutes.go:121.54,123.17 2 1
github.com/anoobz/dualread/auth/internal/httpserver/baseroutes.go:128.3,129.10 2 1
github.com/anoobz/dualread/auth/internal/httpserver/baseroutes.go:139.3,141.17 3 1
github.com/anoobz/dualread/auth/internal/httpserver/baseroutes.go:145.3,146.17 2 1
github.com/anoobz/dualread/auth/internal/httpserver/baseroutes.go:150.3,151.17 2 1
github.com/anoobz/dualread/auth/internal/httpserver/baseroutes.go:156.3,157.17 2 1
github.com/anoobz/dualread/auth/internal/httpserver/baseroutes.go:162.3,162.46 1 1
github.com/anoobz/dualread/auth/internal/httpserver/baseroutes.go:123.17,126.4 2 0
github.com/anoobz/dualread/auth/internal/httpserver/baseroutes.go:129.10,137.4 2 0
github.com/anoobz/dualread/auth/internal/httpserver/baseroutes.go:141.17,144.4 2 1
github.com/anoobz/dualread/auth/internal/httpserver/baseroutes.go:146.17,149.4 2 0
github.com/anoobz/dualread/auth/internal/httpserver/baseroutes.go:151.17,154.4 2 1
github.com/anoobz/dualread/auth/internal/httpserver/baseroutes.go:157.17,160.4 2 0
github.com/anoobz/dualread/auth/internal/httpserver/responsewriter.go:10.54,13.2 2 1
github.com/anoobz/dualread/auth/internal/httpserver/server.go:28.73,45.2 6 1
github.com/anoobz/dualread/auth/internal/httpserver/server.go:47.32,50.2 2 0
github.com/anoobz/dualread/auth/internal/httpserver/server.go:52.35,68.2 9 1
github.com/anoobz/dualread/auth/internal/httpserver/server.go:70.38,77.2 4 1
github.com/anoobz/dualread/auth/internal/httpserver/server.go:79.85,83.2 1 1
github.com/anoobz/dualread/auth/internal/httpserver/server.go:88.3,91.17 3 1
github.com/anoobz/dualread/auth/internal/httpserver/server.go:91.17,93.3 1 1
github.com/anoobz/dualread/auth/internal/httpserver/server.go:96.61,97.71 1 1
github.com/anoobz/dualread/auth/internal/httpserver/server.go:97.71,109.3 5 1
github.com/anoobz/dualread/auth/internal/httpserver/server.go:112.68,114.2 1 1
github.com/anoobz/dualread/auth/internal/httpserver/testing.go:23.46,27.2 2 1
github.com/anoobz/dualread/auth/internal/httpserver/testing.go:29.42,36.16 5 1
github.com/anoobz/dualread/auth/internal/httpserver/testing.go:40.2,40.39 1 1
github.com/anoobz/dualread/auth/internal/httpserver/testing.go:36.16,38.3 1 0
github.com/anoobz/dualread/auth/internal/httpserver/testing.go:43.84,47.2 2 1
github.com/anoobz/dualread/auth/internal/httpserver/testing.go:54.17,60.16 4 1
github.com/anoobz/dualread/auth/internal/httpserver/testing.go:64.2,64.12 1 1
github.com/anoobz/dualread/auth/internal/httpserver/testing.go:60.16,62.3 1 0
github.com/anoobz/dualread/auth/internal/httpserver/testing.go:67.80,72.47 2 1
github.com/anoobz/dualread/auth/internal/httpserver/testing.go:82.2,82.16 1 1
github.com/anoobz/dualread/auth/internal/httpserver/testing.go:86.2,86.21 1 1
github.com/anoobz/dualread/auth/internal/httpserver/testing.go:90.2,91.9 2 1
github.com/anoobz/dualread/auth/internal/httpserver/testing.go:95.2,96.16 2 1
github.com/anoobz/dualread/auth/internal/httpserver/testing.go:100.2,100.32 1 1
github.com/anoobz/dualread/auth/internal/httpserver/testing.go:72.47,73.59 1 1
github.com/anoobz/dualread/auth/internal/httpserver/testing.go:79.4,79.55 1 1
github.com/anoobz/dualread/auth/internal/httpserver/testing.go:73.59,78.5 1 0
github.com/anoobz/dualread/auth/internal/httpserver/testing.go:82.16,84.3 1 0
github.com/anoobz/dualread/auth/internal/httpserver/testing.go:86.21,88.3 1 0
github.com/anoobz/dualread/auth/internal/httpserver/testing.go:91.9,93.3 1 0
github.com/anoobz/dualread/auth/internal/httpserver/testing.go:96.16,98.3 1 0
github.com/anoobz/dualread/auth/internal/httpserver/testing.go:103.76,108.47 2 1
github.com/anoobz/dualread/auth/internal/httpserver/testing.go:118.2,118.16 1 1
github.com/anoobz/dualread/auth/internal/httpserver/testing.go:122.2,122.21 1 1
github.com/anoobz/dualread/auth/internal/httpserver/testing.go:126.2,127.9 2 1
github.com/anoobz/dualread/auth/internal/httpserver/testing.go:131.2,134.16 3 1
github.com/anoobz/dualread/auth/internal/httpserver/testing.go:108.47,109.59 1 1
github.com/anoobz/dualread/auth/internal/httpserver/testing.go:115.4,115.55 1 1
github.com/anoobz/dualread/auth/internal/httpserver/testing.go:109.59,114.5 1 0
github.com/anoobz/dualread/auth/internal/httpserver/testing.go:118.16,120.3 1 0
github.com/anoobz/dualread/auth/internal/httpserver/testing.go:122.21,124.3 1 0
github.com/anoobz/dualread/auth/internal/httpserver/testing.go:127.9,129.3 1 0
github.com/anoobz/dualread/auth/internal/httpserver/testing.go:134.16,136.3 1 0
github.com/anoobz/dualread/auth/internal/httpserver/testing.go:139.84,154.16 7 1
github.com/anoobz/dualread/auth/internal/httpserver/testing.go:158.2,158.24 1 1
github.com/anoobz/dualread/auth/internal/httpserver/testing.go:154.16,156.3 1 0
github.com/anoobz/dualread/auth/internal/httpserver/token.go:16.70,17.71 1 1
github.com/anoobz/dualread/auth/internal/httpserver/token.go:17.71,19.27 2 1
github.com/anoobz/dualread/auth/internal/httpserver/token.go:28.3,30.48 1 1
github.com/anoobz/dualread/auth/internal/httpserver/token.go:40.3,40.17 1 1
github.com/anoobz/dualread/auth/internal/httpserver/token.go:45.3,45.19 1 1
github.com/anoobz/dualread/auth/internal/httpserver/token.go:50.3,52.40 3 1
github.com/anoobz/dualread/auth/internal/httpserver/token.go:19.27,27.4 2 0
github.com/anoobz/dualread/auth/internal/httpserver/token.go:30.48,31.60 1 1
github.com/anoobz/dualread/auth/internal/httpserver/token.go:37.5,37.55 1 1
github.com/anoobz/dualread/auth/internal/httpserver/token.go:31.60,36.6 1 0
github.com/anoobz/dualread/auth/internal/httpserver/token.go:40.17,43.4 2 1
github.com/anoobz/dualread/auth/internal/httpserver/token.go:45.19,48.4 2 0
github.com/anoobz/dualread/auth/internal/httpserver/token.go:56.71,58.16 2 1
github.com/anoobz/dualread/auth/internal/httpserver/token.go:62.2,62.84 1 1
github.com/anoobz/dualread/auth/internal/httpserver/token.go:68.2,68.16 1 1
github.com/anoobz/dualread/auth/internal/httpserver/token.go:72.2,72.18 1 1
github.com/anoobz/dualread/auth/internal/httpserver/token.go:76.2,76.19 1 1
github.com/anoobz/dualread/auth/internal/httpserver/token.go:58.16,60.3 1 0
github.com/anoobz/dualread/auth/internal/httpserver/token.go:62.84,63.58 1 1
github.com/anoobz/dualread/auth/internal/httpserver/token.go:66.3,66.54 1 1
github.com/anoobz/dualread/auth/internal/httpserver/token.go:63.58,65.4 1 0
github.com/anoobz/dualread/auth/internal/httpserver/token.go:68.16,70.3 1 0
github.com/anoobz/dualread/auth/internal/httpserver/token.go:72.18,74.3 1 0
github.com/anoobz/dualread/auth/internal/store/psqlstore/store.go:18.13,23.2 1 1
github.com/anoobz/dualread/auth/internal/store/psqlstore/store.go:25.42,27.2 1 1
github.com/anoobz/dualread/auth/internal/store/psqlstore/store.go:29.52,31.2 1 1
github.com/anoobz/dualread/auth/internal/store/psqlstore/testing.go:14.65,28.16 4 1
github.com/anoobz/dualread/auth/internal/store/psqlstore/testing.go:32.2,36.39 3 1
github.com/anoobz/dualread/auth/internal/store/psqlstore/testing.go:28.16,30.3 1 0
github.com/anoobz/dualread/auth/internal/store/psqlstore/testing.go:36.39,37.22 1 1
github.com/anoobz/dualread/auth/internal/store/psqlstore/testing.go:43.3,43.13 1 1
github.com/anoobz/dualread/auth/internal/store/psqlstore/testing.go:37.22,38.101 1 1
github.com/anoobz/dualread/auth/internal/store/psqlstore/testing.go:38.101,40.5 1 0
github.com/anoobz/dualread/auth/internal/store/psqlstore/user.go:19.82,24.2 1 1
github.com/anoobz/dualread/auth/internal/store/psqlstore/user.go:26.62,31.16 3 1
github.com/anoobz/dualread/auth/internal/store/psqlstore/user.go:35.2,35.15 1 1
github.com/anoobz/dualread/auth/internal/store/psqlstore/user.go:31.16,33.3 1 1
github.com/anoobz/dualread/auth/internal/store/psqlstore/user.go:38.55,41.16 2 1
github.com/anoobz/dualread/auth/internal/store/psqlstore/user.go:44.2,47.18 3 1
github.com/anoobz/dualread/auth/internal/store/psqlstore/user.go:55.2,55.19 1 1
github.com/anoobz/dualread/auth/internal/store/psqlstore/user.go:41.16,43.3 1 0
github.com/anoobz/dualread/auth/internal/store/psqlstore/user.go:47.18,49.17 2 1
github.com/anoobz/dualread/auth/internal/store/psqlstore/user.go:52.3,52.27 1 1
github.com/anoobz/dualread/auth/internal/store/psqlstore/user.go:49.17,51.4 1 0
github.com/anoobz/dualread/auth/internal/store/psqlstore/user.go:58.69,60.16 2 1
github.com/anoobz/dualread/auth/internal/store/psqlstore/user.go:64.2,68.16 3 1
github.com/anoobz/dualread/auth/internal/store/psqlstore/user.go:72.2,72.15 1 1
github.com/anoobz/dualread/auth/internal/store/psqlstore/user.go:60.16,62.3 1 1
github.com/anoobz/dualread/auth/internal/store/psqlstore/user.go:68.16,70.3 1 0
github.com/anoobz/dualread/auth/internal/store/psqlstore/user.go:80.24,82.16 2 1
github.com/anoobz/dualread/auth/internal/store/psqlstore/user.go:86.2,108.27 1 1
github.com/anoobz/dualread/auth/internal/store/psqlstore/user.go:112.2,112.15 1 1
github.com/anoobz/dualread/auth/internal/store/psqlstore/user.go:82.16,84.3 1 1
github.com/anoobz/dualread/auth/internal/store/psqlstore/user.go:108.27,110.3 1 0
github.com/anoobz/dualread/auth/internal/store/psqlstore/user.go:115.78,117.8 2 1
github.com/anoobz/dualread/auth/internal/store/psqlstore/user.go:123.2,124.8 2 1
github.com/anoobz/dualread/auth/internal/store/psqlstore/user.go:130.2,134.16 2 1
github.com/anoobz/dualread/auth/internal/store/psqlstore/user.go:138.2,139.16 2 1
github.com/anoobz/dualread/auth/internal/store/psqlstore/user.go:142.2,142.26 1 1
github.com/anoobz/dualread/auth/internal/store/psqlstore/user.go:145.2,145.12 1 1
github.com/anoobz/dualread/auth/internal/store/psqlstore/user.go:117.8,119.17 2 1
github.com/anoobz/dualread/auth/internal/store/psqlstore/user.go:119.17,121.4 1 1
github.com/anoobz/dualread/auth/internal/store/psqlstore/user.go:124.8,125.21 1 1
github.com/anoobz/dualread/auth/internal/store/psqlstore/user.go:125.21,127.4 1 1
github.com/anoobz/dualread/auth/internal/store/psqlstore/user.go:134.16,136.3 1 0
github.com/anoobz/dualread/auth/internal/store/psqlstore/user.go:139.16,141.3 1 0
github.com/anoobz/dualread/auth/internal/store/psqlstore/user.go:142.26,144.3 1 1
github.com/anoobz/dualread/auth/internal/store/psqlstore/user.go:148.46,150.16 2 1
github.com/anoobz/dualread/auth/internal/store/psqlstore/user.go:154.2,154.12 1 1
github.com/anoobz/dualread/auth/internal/store/psqlstore/user.go:150.16,152.3 1 0
github.com/anoobz/dualread/auth/internal/store/psqlstore/user.go:157.54,173.16 5 1
github.com/anoobz/dualread/auth/internal/store/psqlstore/user.go:177.2,181.15 4 1
github.com/anoobz/dualread/auth/internal/store/psqlstore/user.go:173.16,175.3 1 1
github.com/anoobz/dualread/auth/internal/store/psqlstore/authtoken.go:19.21,24.2 1 1
github.com/anoobz/dualread/auth/internal/store/psqlstore/authtoken.go:30.9,36.16 2 1
github.com/anoobz/dualread/auth/internal/store/psqlstore/authtoken.go:40.2,40.12 1 1
github.com/anoobz/dualread/auth/internal/store/psqlstore/authtoken.go:36.16,38.3 1 0
github.com/anoobz/dualread/auth/internal/store/psqlstore/authtoken.go:43.65,45.16 2 1
github.com/anoobz/dualread/auth/internal/store/psqlstore/authtoken.go:48.2,51.18 3 1
github.com/anoobz/dualread/auth/internal/store/psqlstore/authtoken.go:59.2,59.20 1 1
github.com/anoobz/dualread/auth/internal/store/psqlstore/authtoken.go:45.16,47.3 1 0
github.com/anoobz/dualread/auth/internal/store/psqlstore/authtoken.go:51.18,53.17 2 1
github.com/anoobz/dualread/auth/internal/store/psqlstore/authtoken.go:56.3,56.33 1 1
github.com/anoobz/dualread/auth/internal/store/psqlstore/authtoken.go:53.17,55.4 1 0
github.com/anoobz/dualread/auth/internal/store/psqlstore/authtoken.go:62.73,65.16 3 1
github.com/anoobz/dualread/auth/internal/store/psqlstore/authtoken.go:69.2,69.15 1 1
github.com/anoobz/dualread/auth/internal/store/psqlstore/authtoken.go:65.16,67.3 1 0
github.com/anoobz/dualread/auth/internal/store/psqlstore/authtoken.go:72.52,74.16 2 1
github.com/anoobz/dualread/auth/internal/store/psqlstore/authtoken.go:78.2,78.12 1 1
github.com/anoobz/dualread/auth/internal/store/psqlstore/authtoken.go:74.16,76.3 1 0
github.com/anoobz/dualread/auth/internal/store/psqlstore/authtoken.go:81.60,83.70 2 1
github.com/anoobz/dualread/auth/internal/store/psqlstore/authtoken.go:87.2,87.15 1 1
github.com/anoobz/dualread/auth/internal/store/psqlstore/authtoken.go:83.70,85.3 1 0
